2021-01-26 10:05:56.284 [info] <0.59.0> SIGTERM received - shutting down
2021-01-26 10:06:02.337 [info] <0.43.0> Application logger started on node nonode@nohost
2021-01-26 10:06:02.359 [info] <0.43.0> Application runtime_tools started on node nonode@nohost
2021-01-26 10:06:02.369 [info] <0.43.0> Application xmerl started on node nonode@nohost
2021-01-26 10:06:02.399 [info] <0.43.0> Application sasl started on node nonode@nohost
2021-01-26 10:06:02.405 [info] <0.43.0> Application tools started on node nonode@nohost
2021-01-26 10:06:02.408 [info] <0.43.0> Application jsx started on node nonode@nohost
2021-01-26 10:06:02.412 [info] <0.43.0> Application recon started on node nonode@nohost
2021-01-26 10:06:02.460 [info] <0.43.0> Application credentials_obfuscation started on node nonode@nohost
2021-01-26 10:06:02.460 [info] <0.43.0> Application rabbit_common started on node nonode@nohost
2021-01-26 10:06:02.479 [info] <0.43.0> Application amqp_client started on node nonode@nohost
2021-01-26 10:06:02.489 [info] <0.43.0> Application amqp started on node nonode@nohost
2021-01-26 10:06:02.525 [info] <0.43.0> Application unicode_util_compat started on node nonode@nohost
2021-01-26 10:06:02.525 [info] <0.43.0> Application idna started on node nonode@nohost
2021-01-26 10:06:02.536 [info] <0.43.0> Application mimerl started on node nonode@nohost
2021-01-26 10:06:02.545 [info] <0.43.0> Application certifi started on node nonode@nohost
2021-01-26 10:06:02.560 [info] <0.43.0> Application parse_trans started on node nonode@nohost
2021-01-26 10:06:02.564 [info] <0.43.0> Application ssl_verify_fun started on node nonode@nohost
2021-01-26 10:06:02.567 [warning] <0.342.0> AMQP 0-9-1 client call timeout was 60000 ms, is updated to a safe effective value of 70000 ms
2021-01-26 10:06:02.583 [info] <0.43.0> Application metrics started on node nonode@nohost
2021-01-26 10:06:02.628 [info] <0.43.0> Application hackney started on node nonode@nohost
2021-01-26 10:06:02.628 [info] <0.43.0> Application httpoison started on node nonode@nohost
2021-01-26 10:06:02.645 [info] <0.43.0> Application telemetry_metrics started on node nonode@nohost
2021-01-26 10:06:02.682 [info] <0.43.0> Application telemetry_poller started on node nonode@nohost
2021-01-26 10:06:02.690 [info] <0.43.0> Application jason started on node nonode@nohost
2021-01-26 10:06:02.704 [info] <0.43.0> Application json started on node nonode@nohost
2021-01-26 10:06:02.729 [info] <0.43.0> Application ex_aws started on node nonode@nohost
2021-01-26 10:06:02.736 [info] <0.43.0> Application uuid started on node nonode@nohost
2021-01-26 10:06:02.745 [info] <0.43.0> Application tesla started on node nonode@nohost
2021-01-26 10:06:02.752 [info] <0.43.0> Application cowlib started on node nonode@nohost
2021-01-26 10:06:02.762 [info] <0.43.0> Application ranch started on node nonode@nohost
2021-01-26 10:06:02.769 [info] <0.43.0> Application cowboy started on node nonode@nohost
2021-01-26 10:06:02.772 [info] <0.43.0> Application cowboy_telemetry started on node nonode@nohost
2021-01-26 10:06:02.775 [info] <0.43.0> Application plug_cowboy started on node nonode@nohost
2021-01-26 10:06:02.778 [info] <0.43.0> Application phoenix_html started on node nonode@nohost
2021-01-26 10:06:02.781 [info] <0.43.0> Application phoenix_live_view started on node nonode@nohost
2021-01-26 10:06:02.789 [info] <0.43.0> Application phoenix_live_dashboard started on node nonode@nohost
2021-01-26 10:06:02.957 [info] <0.43.0> Application image_treatment started on node nonode@nohost
2021-01-26 11:06:00.479 [info] <0.59.0> SIGTERM received - shutting down
