2021-01-26 10:05:56.106 [info] <0.59.0> SIGTERM received - shutting down
2021-01-26 10:06:02.343 [info] <0.43.0> Application logger started on node nonode@nohost
2021-01-26 10:06:02.372 [info] <0.43.0> Application runtime_tools started on node nonode@nohost
2021-01-26 10:06:02.387 [info] <0.43.0> Application xmerl started on node nonode@nohost
2021-01-26 10:06:02.410 [info] <0.43.0> Application sasl started on node nonode@nohost
2021-01-26 10:06:02.420 [info] <0.43.0> Application tools started on node nonode@nohost
2021-01-26 10:06:02.424 [info] <0.43.0> Application jsx started on node nonode@nohost
2021-01-26 10:06:02.429 [info] <0.43.0> Application recon started on node nonode@nohost
2021-01-26 10:06:02.462 [info] <0.43.0> Application credentials_obfuscation started on node nonode@nohost
2021-01-26 10:06:02.462 [info] <0.43.0> Application rabbit_common started on node nonode@nohost
2021-01-26 10:06:02.487 [info] <0.43.0> Application amqp_client started on node nonode@nohost
2021-01-26 10:06:02.497 [info] <0.43.0> Application amqp started on node nonode@nohost
2021-01-26 10:06:02.511 [info] <0.43.0> Application telemetry_metrics started on node nonode@nohost
2021-01-26 10:06:02.536 [info] <0.43.0> Application telemetry_poller started on node nonode@nohost
2021-01-26 10:06:02.546 [info] <0.43.0> Application jason started on node nonode@nohost
2021-01-26 10:06:02.554 [info] <0.43.0> Application poison started on node nonode@nohost
2021-01-26 10:06:02.565 [info] <0.43.0> Application json started on node nonode@nohost
2021-01-26 10:06:02.592 [warning] <0.347.0> AMQP 0-9-1 client call timeout was 60000 ms, is updated to a safe effective value of 70000 ms
2021-01-26 10:06:02.603 [info] <0.43.0> Application unicode_util_compat started on node nonode@nohost
2021-01-26 10:06:02.603 [info] <0.43.0> Application idna started on node nonode@nohost
2021-01-26 10:06:02.613 [info] <0.43.0> Application mimerl started on node nonode@nohost
2021-01-26 10:06:02.617 [info] <0.43.0> Application certifi started on node nonode@nohost
2021-01-26 10:06:02.628 [info] <0.43.0> Application parse_trans started on node nonode@nohost
2021-01-26 10:06:02.636 [info] <0.43.0> Application ssl_verify_fun started on node nonode@nohost
2021-01-26 10:06:02.653 [info] <0.43.0> Application metrics started on node nonode@nohost
2021-01-26 10:06:02.705 [info] <0.43.0> Application hackney started on node nonode@nohost
2021-01-26 10:06:02.730 [info] <0.43.0> Application ex_aws started on node nonode@nohost
2021-01-26 10:06:02.750 [info] <0.43.0> Application connection started on node nonode@nohost
2021-01-26 10:06:02.758 [info] <0.43.0> Application db_connection started on node nonode@nohost
2021-01-26 10:06:02.766 [info] <0.43.0> Application decimal started on node nonode@nohost
2021-01-26 10:06:02.771 [info] <0.43.0> Application ecto started on node nonode@nohost
2021-01-26 10:06:02.774 [info] <0.43.0> Application ecto_sql started on node nonode@nohost
2021-01-26 10:06:02.776 [info] <0.43.0> Application tesla started on node nonode@nohost
2021-01-26 10:06:02.785 [info] <0.43.0> Application cowlib started on node nonode@nohost
2021-01-26 10:06:02.796 [info] <0.43.0> Application ranch started on node nonode@nohost
2021-01-26 10:06:02.802 [info] <0.43.0> Application cowboy started on node nonode@nohost
2021-01-26 10:06:02.804 [info] <0.43.0> Application cowboy_telemetry started on node nonode@nohost
2021-01-26 10:06:02.807 [info] <0.43.0> Application plug_cowboy started on node nonode@nohost
2021-01-26 10:06:02.809 [info] <0.43.0> Application cors_plug started on node nonode@nohost
2021-01-26 10:06:02.812 [info] <0.43.0> Application phoenix_html started on node nonode@nohost
2021-01-26 10:06:02.815 [info] <0.43.0> Application phoenix_live_view started on node nonode@nohost
2021-01-26 10:06:02.823 [info] <0.43.0> Application phoenix_live_dashboard started on node nonode@nohost
2021-01-26 10:06:02.990 [info] <0.43.0> Application api_gallery_upload started on node nonode@nohost
2021-01-26 11:06:00.506 [info] <0.59.0> SIGTERM received - shutting down
